2026-07-08 18:52:08 [INFO] MongoDB connected: localhost
2026-07-08 18:52:08 [INFO] Server running on port 3000
2026-07-08 19:00:51 [INFO] MongoDB connected: localhost
2026-07-08 19:00:51 [INFO] Server running on port 3000
2026-07-08 19:18:39 [INFO] verifyEmail email dispatched successfully to s***@gmail.com
2026-07-08 19:23:58 [INFO] MongoDB connected: localhost
2026-07-08 19:23:58 [INFO] Server running on port 3000
2026-07-08 19:27:20 [INFO] verifyEmail email dispatched successfully to s***@gmail.com
2026-07-08 20:04:55 [INFO] MongoDB connected: localhost
2026-07-08 20:04:55 [INFO] Server running on port 3000
2026-07-08 20:06:18 [INFO] MongoDB connected: localhost
2026-07-08 20:06:18 [INFO] Server running on port 3000
2026-07-08 20:19:47 [INFO] verifyEmail email dispatched successfully to r***@gmail.com
2026-07-09 10:36:30 [ERROR] Failed to start server:
2026-07-09 10:41:29 [INFO] MongoDB connected: localhost
2026-07-09 10:41:29 [INFO] Server running on port 3000
2026-07-09 10:41:47 [INFO] verifyEmail email dispatched successfully to s***@gmail.com
2026-07-09 10:48:22 [INFO] MongoDB connected: localhost
2026-07-09 10:48:22 [INFO] Server running on port 3000
2026-07-09 10:56:49 [INFO] MongoDB connected: localhost
2026-07-09 10:56:49 [INFO] Server running on port 3000
2026-07-09 11:11:24 [INFO] MongoDB connected: localhost
2026-07-09 11:11:24 [INFO] Server running on port 3000
2026-07-09 11:18:50 [INFO] MongoDB connected: localhost
2026-07-09 11:18:50 [INFO] Server running on port 3000
2026-07-09 11:19:00 [INFO] MongoDB connected: localhost
2026-07-09 11:19:00 [INFO] Server running on port 3000
2026-07-09 11:23:34 [INFO] verifyEmail email dispatched successfully to s***@gmail.com
2026-07-09 11:29:20 [INFO] verifyEmail email dispatched successfully to s***@gmail.com
2026-07-09 11:30:43 [INFO] MongoDB connected: localhost
2026-07-09 11:30:43 [INFO] Server running on port 3000
2026-07-09 11:35:13 [INFO] MongoDB connected: localhost
2026-07-09 11:35:13 [INFO] Server running on port 3000
2026-07-09 11:35:33 [INFO] MongoDB connected: localhost
2026-07-09 11:35:33 [INFO] Server running on port 3000
2026-07-09 11:37:10 [INFO] forgotPassword email dispatched successfully to s***@gmail.com
2026-07-09 11:49:29 [INFO] verifyEmail email dispatched successfully to s***@gmail.com
2026-07-09 11:50:26 [INFO] MongoDB connected: localhost
2026-07-09 11:50:26 [INFO] Server running on port 3000
2026-07-09 12:01:40 [INFO] verifyEmail email dispatched successfully to s***@gmail.com
2026-07-09 12:03:13 [INFO] forgotPassword email dispatched successfully to s***@gmail.com
2026-07-09 12:30:47 [INFO] MongoDB connected: localhost
2026-07-09 12:30:47 [INFO] Server running on port 3000
2026-07-09 12:31:37 [INFO] verifyEmail email dispatched successfully to s***@gmail.com
2026-07-09 12:32:46 [INFO] forgotPassword email dispatched successfully to s***@gmail.com
2026-07-09 12:40:49 [INFO] MongoDB connected: localhost
2026-07-09 12:40:49 [INFO] Server running on port 3000
2026-07-09 12:41:18 [INFO] verifyEmail email dispatched successfully to s***@gmail.com
2026-07-09 12:42:10 [INFO] forgotPassword email dispatched successfully to s***@gmail.com
2026-07-09 16:33:51 [INFO] MongoDB connected: localhost
2026-07-09 16:33:51 [INFO] Server running on port 3000
2026-07-09 16:34:54 [INFO] verifyEmail email dispatched successfully to s***@gmail.com
2026-07-09 16:36:55 [INFO] forgotPassword email dispatched successfully to s***@gmail.com
2026-07-09 17:42:43 [INFO] MongoDB connected: localhost
2026-07-09 17:42:43 [INFO] Server running on port 3000
2026-07-09 17:43:52 [INFO] verifyEmail email dispatched successfully to s***@gmail.com
2026-07-10 10:46:32 [INFO] MongoDB connected: localhost
2026-07-10 10:46:32 [INFO] Server running on port 3000
2026-07-10 10:58:36 [INFO] MongoDB connected: localhost
2026-07-10 10:58:36 [INFO] Server running on port 3000
2026-07-10 10:59:28 [ERROR] Email send failed [verifyEmail] to s***@gmail.com: Client network socket disconnected before secure TLS connection was established
2026-07-10 11:06:39 [INFO] MongoDB connected: localhost
2026-07-10 11:06:39 [INFO] Server running on port 3000
2026-07-10 11:17:29 [INFO] verifyEmail email dispatched successfully to s***@gmail.com
2026-07-10 16:49:39 [INFO] MongoDB connected: localhost
2026-07-10 16:49:39 [INFO] Server running on port 3000
2026-07-10 16:50:27 [INFO] verifyEmail email dispatched successfully to s***@gmail.com
2026-07-10 17:04:54 [INFO] MongoDB connected: localhost
2026-07-10 17:04:54 [INFO] Server running on port 3000
2026-07-10 17:05:38 [INFO] verifyEmail email dispatched successfully to s***@gmail.com
2026-07-10 17:07:10 [INFO] forgotPassword email dispatched successfully to s***@gmail.com
2026-07-16 16:29:22 [INFO] MongoDB connected: localhost
2026-07-16 16:29:22 [INFO] Server running on port 3000
